CRITICAL - 2022-12-23 00:32:51 --> foreach() argument must be of type array|object, null given
in APPPATH\Views\Product\index.php on line 34.
 1 APPPATH\Views\Product\index.php(34): CodeIgniter\Debug\Exceptions->errorHandler(2, 'foreach() argument must be of type array|object, null given', 'APPPATH\\Views\\Product\\index.php', 34)
 2 SYSTEMPATH\View\View.php(213): include('APPPATH\\Views\\Product\\index.php')
 3 SYSTEMPATH\View\View.php(216): CodeIgniter\View\View->CodeIgniter\View\{closure}()
 4 SYSTEMPATH\Common.php(1134): CodeIgniter\View\View->render('Product/index', [], true)
 5 APPPATH\Controllers\Product.php(29): view('Product/index')
 6 SYSTEMPATH\CodeIgniter.php(927): App\Controllers\Product->index()
 7 SYSTEMPATH\CodeIgniter.php(482): CodeIgniter\CodeIgniter->runController(Object(App\Controllers\Product))
 8 SYSTEMPATH\CodeIgniter.php(351): CodeIgniter\CodeIgniter->handleRequest(null, Object(Config\Cache), false)
 9 FCPATH\index.php(67): CodeIgniter\CodeIgniter->run()
10 SYSTEMPATH\Commands\Server\rewrite.php(46): require_once('FCPATH\\index.php')
CRITICAL - 2022-12-23 01:54:43 --> Too few arguments to function App\Models\M_Product::add(), 0 passed in D:\Server\htdocs\addOnSF\app\Controllers\Product.php on line 48 and exactly 1 expected
in APPPATH\Models\M_Product.php on line 33.
 1 APPPATH\Controllers\Product.php(48): App\Models\M_Product->add()
 2 SYSTEMPATH\CodeIgniter.php(927): App\Controllers\Product->add()
 3 SYSTEMPATH\CodeIgniter.php(482): CodeIgniter\CodeIgniter->runController(Object(App\Controllers\Product))
 4 SYSTEMPATH\CodeIgniter.php(351): CodeIgniter\CodeIgniter->handleRequest(null, Object(Config\Cache), false)
 5 FCPATH\index.php(67): CodeIgniter\CodeIgniter->run()
 6 SYSTEMPATH\Commands\Server\rewrite.php(46): require_once('FCPATH\\index.php')
CRITICAL - 2022-12-23 01:55:00 --> Undefined array key "name"
in APPPATH\Views\Product\index.php on line 52.
 1 APPPATH\Views\Product\index.php(52): CodeIgniter\Debug\Exceptions->errorHandler(2, 'Undefined array key "name"', 'APPPATH\\Views\\Product\\index.php', 52)
 2 SYSTEMPATH\View\View.php(213): include('APPPATH\\Views\\Product\\index.php')
 3 SYSTEMPATH\View\View.php(216): CodeIgniter\View\View->CodeIgniter\View\{closure}()
 4 SYSTEMPATH\Common.php(1134): CodeIgniter\View\View->render('Product/index', [], true)
 5 APPPATH\Controllers\Product.php(29): view('Product/index')
 6 SYSTEMPATH\CodeIgniter.php(927): App\Controllers\Product->index()
 7 SYSTEMPATH\CodeIgniter.php(482): CodeIgniter\CodeIgniter->runController(Object(App\Controllers\Product))
 8 SYSTEMPATH\CodeIgniter.php(351): CodeIgniter\CodeIgniter->handleRequest(null, Object(Config\Cache), false)
 9 FCPATH\index.php(67): CodeIgniter\CodeIgniter->run()
10 SYSTEMPATH\Commands\Server\rewrite.php(46): require_once('FCPATH\\index.php')
ERROR - 2022-12-23 01:58:14 --> mysqli_sql_exception: Column 'usedDate' cannot be null in D:\Server\htdocs\addOnSF\vendor\codeigniter4\framework\system\Database\MySQLi\Connection.php:292
Stack trace:
#0 D:\Server\htdocs\addOnSF\vendor\codeigniter4\framework\system\Database\MySQLi\Connection.php(292): mysqli->query('INSERT INTO `pr...', 0)
#1 D:\Server\htdocs\addOnSF\vendor\codeigniter4\framework\system\Database\BaseConnection.php(666): CodeIgniter\Database\MySQLi\Connection->execute('INSERT INTO `pr...')
#2 D:\Server\htdocs\addOnSF\vendor\codeigniter4\framework\system\Database\BaseConnection.php(593): CodeIgniter\Database\BaseConnection->simpleQuery('INSERT INTO `pr...')
#3 D:\Server\htdocs\addOnSF\vendor\codeigniter4\framework\system\Database\BaseBuilder.php(1916): CodeIgniter\Database\BaseConnection->query('INSERT INTO `pr...', Array, false)
#4 D:\Server\htdocs\addOnSF\app\Models\M_Product.php(35): CodeIgniter\Database\BaseBuilder->insert(Array)
#5 D:\Server\htdocs\addOnSF\app\Controllers\Product.php(49): App\Models\M_Product->add(Array)
#6 D:\Server\htdocs\addOnSF\vendor\codeigniter4\framework\system\CodeIgniter.php(927): App\Controllers\Product->add()
#7 D:\Server\htdocs\addOnSF\vendor\codeigniter4\framework\system\CodeIgniter.php(482): CodeIgniter\CodeIgniter->runController(Object(App\Controllers\Product))
#8 D:\Server\htdocs\addOnSF\vendor\codeigniter4\framework\system\CodeIgniter.php(351): CodeIgniter\CodeIgniter->handleRequest(NULL, Object(Config\Cache), false)
#9 D:\Server\htdocs\addOnSF\public\index.php(67): CodeIgniter\CodeIgniter->run()
#10 D:\Server\htdocs\addOnSF\vendor\codeigniter4\framework\system\Commands\Server\rewrite.php(46): require_once('D:\\Server\\htdoc...')
#11 {main}
CRITICAL - 2022-12-23 01:58:14 --> Column 'usedDate' cannot be null
in SYSTEMPATH\Database\MySQLi\Connection.php on line 292.
 1 SYSTEMPATH\Database\MySQLi\Connection.php(292): mysqli->query('INSERT INTO `product` (`productCode`, `productDesc`, `codeVoucer`, `status`, `id_user`, `inputDate`, `usedDate`) VALUES (\'S12\', \'Paket Nelpon All Operator\', \'123054782031258746\', \'Tersedia\', \'1\', \'2022-12-23 01:58:14\', NULL)', 0)
 2 SYSTEMPATH\Database\BaseConnection.php(666): CodeIgniter\Database\MySQLi\Connection->execute('INSERT INTO `product` (`productCode`, `productDesc`, `codeVoucer`, `status`, `id_user`, `inputDate`, `usedDate`) VALUES (\'S12\', \'Paket Nelpon All Operator\', \'123054782031258746\', \'Tersedia\', \'1\', \'2022-12-23 01:58:14\', NULL)')
 3 SYSTEMPATH\Database\BaseConnection.php(593): CodeIgniter\Database\BaseConnection->simpleQuery('INSERT INTO `product` (`productCode`, `productDesc`, `codeVoucer`, `status`, `id_user`, `inputDate`, `usedDate`) VALUES (\'S12\', \'Paket Nelpon All Operator\', \'123054782031258746\', \'Tersedia\', \'1\', \'2022-12-23 01:58:14\', NULL)')
 4 SYSTEMPATH\Database\BaseBuilder.php(1916): CodeIgniter\Database\BaseConnection->query('INSERT INTO `product` (`productCode`, `productDesc`, `codeVoucer`, `status`, `id_user`, `inputDate`, `usedDate`) VALUES (:productCode:, :productDesc:, :codeVoucer:, :status:, :id_user:, :inputDate:, :usedDate:)', [...], false)
 5 APPPATH\Models\M_Product.php(35): CodeIgniter\Database\BaseBuilder->insert([...])
 6 APPPATH\Controllers\Product.php(49): App\Models\M_Product->add([...])
 7 SYSTEMPATH\CodeIgniter.php(927): App\Controllers\Product->add()
 8 SYSTEMPATH\CodeIgniter.php(482): CodeIgniter\CodeIgniter->runController(Object(App\Controllers\Product))
 9 SYSTEMPATH\CodeIgniter.php(351): CodeIgniter\CodeIgniter->handleRequest(null, Object(Config\Cache), false)
10 FCPATH\index.php(67): CodeIgniter\CodeIgniter->run()
11 SYSTEMPATH\Commands\Server\rewrite.php(46): require_once('FCPATH\\index.php')
