CRITICAL - 2023-10-02 15:11:50 --> syntax error, unexpected token "->"
in APPPATH\Models\M_Log.php on line 24.
 1 SYSTEMPATH\Autoloader\Autoloader.php(259): CodeIgniter\Autoloader\Autoloader->includeFile('APPPATH\\Models\\M_Log.php')
 2 SYSTEMPATH\Autoloader\Autoloader.php(237): CodeIgniter\Autoloader\Autoloader->loadInNamespace('App\\Models\\M_Log')
 3 APPPATH\Controllers\Home.php(11): CodeIgniter\Autoloader\Autoloader->loadClass('App\\Models\\M_Log')
 4 SYSTEMPATH\CodeIgniter.php(889): App\Controllers\Home->__construct()
 5 SYSTEMPATH\CodeIgniter.php(473): CodeIgniter\CodeIgniter->createController()
 6 SYSTEMPATH\CodeIgniter.php(351): CodeIgniter\CodeIgniter->handleRequest(null, Object(Config\Cache), false)
 7 FCPATH\index.php(67): CodeIgniter\CodeIgniter->run()
CRITICAL - 2023-10-02 15:12:17 --> Call to undefined method CodeIgniter\Database\MySQLi\Builder::order_by()
in APPPATH\Models\M_Log.php on line 23.
 1 APPPATH\Controllers\Home.php(33): App\Models\M_Log->getHarian()
 2 SYSTEMPATH\CodeIgniter.php(927): App\Controllers\Home->get_Harian()
 3 SYSTEMPATH\CodeIgniter.php(482): CodeIgniter\CodeIgniter->runController(Object(App\Controllers\Home))
 4 SYSTEMPATH\CodeIgniter.php(351): CodeIgniter\CodeIgniter->handleRequest(null, Object(Config\Cache), false)
 5 FCPATH\index.php(67): CodeIgniter\CodeIgniter->run()
CRITICAL - 2023-10-02 15:12:36 --> Call to undefined method CodeIgniter\Database\MySQLi\Builder::order_by()
in APPPATH\Models\M_Log.php on line 23.
 1 APPPATH\Controllers\Home.php(33): App\Models\M_Log->getHarian()
 2 SYSTEMPATH\CodeIgniter.php(927): App\Controllers\Home->get_Harian()
 3 SYSTEMPATH\CodeIgniter.php(482): CodeIgniter\CodeIgniter->runController(Object(App\Controllers\Home))
 4 SYSTEMPATH\CodeIgniter.php(351): CodeIgniter\CodeIgniter->handleRequest(null, Object(Config\Cache), false)
 5 FCPATH\index.php(67): CodeIgniter\CodeIgniter->run()
CRITICAL - 2023-10-02 15:13:26 --> Call to undefined method CodeIgniter\Database\MySQLi\Builder::order_by()
in APPPATH\Models\M_Log.php on line 23.
 1 APPPATH\Controllers\Home.php(33): App\Models\M_Log->getHarian()
 2 SYSTEMPATH\CodeIgniter.php(927): App\Controllers\Home->get_Harian()
 3 SYSTEMPATH\CodeIgniter.php(482): CodeIgniter\CodeIgniter->runController(Object(App\Controllers\Home))
 4 SYSTEMPATH\CodeIgniter.php(351): CodeIgniter\CodeIgniter->handleRequest(null, Object(Config\Cache), false)
 5 FCPATH\index.php(67): CodeIgniter\CodeIgniter->run()
CRITICAL - 2023-10-02 15:14:13 --> Call to undefined method CodeIgniter\Database\MySQLi\Builder::order_by()
in APPPATH\Models\M_Log.php on line 23.
 1 APPPATH\Controllers\Home.php(33): App\Models\M_Log->getHarian()
 2 SYSTEMPATH\CodeIgniter.php(927): App\Controllers\Home->get_Harian()
 3 SYSTEMPATH\CodeIgniter.php(482): CodeIgniter\CodeIgniter->runController(Object(App\Controllers\Home))
 4 SYSTEMPATH\CodeIgniter.php(351): CodeIgniter\CodeIgniter->handleRequest(null, Object(Config\Cache), false)
 5 FCPATH\index.php(67): CodeIgniter\CodeIgniter->run()
CRITICAL - 2023-10-02 15:15:18 --> Call to undefined method CodeIgniter\Database\MySQLi\Builder::order_by()
in APPPATH\Models\M_Log.php on line 23.
 1 APPPATH\Controllers\Home.php(33): App\Models\M_Log->getHarian()
 2 SYSTEMPATH\CodeIgniter.php(927): App\Controllers\Home->get_Harian()
 3 SYSTEMPATH\CodeIgniter.php(482): CodeIgniter\CodeIgniter->runController(Object(App\Controllers\Home))
 4 SYSTEMPATH\CodeIgniter.php(351): CodeIgniter\CodeIgniter->handleRequest(null, Object(Config\Cache), false)
 5 FCPATH\index.php(67): CodeIgniter\CodeIgniter->run()
CRITICAL - 2023-10-02 15:16:04 --> Call to undefined method CodeIgniter\Database\MySQLi\Builder::order_by()
in APPPATH\Models\M_Log.php on line 23.
 1 APPPATH\Controllers\Home.php(33): App\Models\M_Log->getHarian()
 2 SYSTEMPATH\CodeIgniter.php(927): App\Controllers\Home->get_Harian()
 3 SYSTEMPATH\CodeIgniter.php(482): CodeIgniter\CodeIgniter->runController(Object(App\Controllers\Home))
 4 SYSTEMPATH\CodeIgniter.php(351): CodeIgniter\CodeIgniter->handleRequest(null, Object(Config\Cache), false)
 5 FCPATH\index.php(67): CodeIgniter\CodeIgniter->run()
CRITICAL - 2023-10-02 15:16:10 --> Call to undefined method CodeIgniter\Database\MySQLi\Builder::order_by()
in APPPATH\Models\M_Log.php on line 23.
 1 APPPATH\Controllers\Home.php(33): App\Models\M_Log->getHarian()
 2 SYSTEMPATH\CodeIgniter.php(927): App\Controllers\Home->get_Harian()
 3 SYSTEMPATH\CodeIgniter.php(482): CodeIgniter\CodeIgniter->runController(Object(App\Controllers\Home))
 4 SYSTEMPATH\CodeIgniter.php(351): CodeIgniter\CodeIgniter->handleRequest(null, Object(Config\Cache), false)
 5 FCPATH\index.php(67): CodeIgniter\CodeIgniter->run()
CRITICAL - 2023-10-02 15:16:15 --> Call to undefined method CodeIgniter\Database\MySQLi\Builder::order_by()
in APPPATH\Models\M_Log.php on line 23.
 1 APPPATH\Controllers\Home.php(33): App\Models\M_Log->getHarian()
 2 SYSTEMPATH\CodeIgniter.php(927): App\Controllers\Home->get_Harian()
 3 SYSTEMPATH\CodeIgniter.php(482): CodeIgniter\CodeIgniter->runController(Object(App\Controllers\Home))
 4 SYSTEMPATH\CodeIgniter.php(351): CodeIgniter\CodeIgniter->handleRequest(null, Object(Config\Cache), false)
 5 FCPATH\index.php(67): CodeIgniter\CodeIgniter->run()
CRITICAL - 2023-10-02 15:16:19 --> Call to undefined method CodeIgniter\Database\MySQLi\Builder::order_by()
in APPPATH\Models\M_Log.php on line 23.
 1 APPPATH\Controllers\Home.php(33): App\Models\M_Log->getHarian()
 2 SYSTEMPATH\CodeIgniter.php(927): App\Controllers\Home->get_Harian()
 3 SYSTEMPATH\CodeIgniter.php(482): CodeIgniter\CodeIgniter->runController(Object(App\Controllers\Home))
 4 SYSTEMPATH\CodeIgniter.php(351): CodeIgniter\CodeIgniter->handleRequest(null, Object(Config\Cache), false)
 5 FCPATH\index.php(67): CodeIgniter\CodeIgniter->run()
CRITICAL - 2023-10-02 15:16:25 --> Call to undefined method CodeIgniter\Database\MySQLi\Builder::order_by()
in APPPATH\Models\M_Log.php on line 23.
 1 APPPATH\Controllers\Home.php(33): App\Models\M_Log->getHarian()
 2 SYSTEMPATH\CodeIgniter.php(927): App\Controllers\Home->get_Harian()
 3 SYSTEMPATH\CodeIgniter.php(482): CodeIgniter\CodeIgniter->runController(Object(App\Controllers\Home))
 4 SYSTEMPATH\CodeIgniter.php(351): CodeIgniter\CodeIgniter->handleRequest(null, Object(Config\Cache), false)
 5 FCPATH\index.php(67): CodeIgniter\CodeIgniter->run()
CRITICAL - 2023-10-02 15:16:30 --> Call to undefined method CodeIgniter\Database\MySQLi\Builder::order_by()
in APPPATH\Models\M_Log.php on line 23.
 1 APPPATH\Controllers\Home.php(33): App\Models\M_Log->getHarian()
 2 SYSTEMPATH\CodeIgniter.php(927): App\Controllers\Home->get_Harian()
 3 SYSTEMPATH\CodeIgniter.php(482): CodeIgniter\CodeIgniter->runController(Object(App\Controllers\Home))
 4 SYSTEMPATH\CodeIgniter.php(351): CodeIgniter\CodeIgniter->handleRequest(null, Object(Config\Cache), false)
 5 FCPATH\index.php(67): CodeIgniter\CodeIgniter->run()
CRITICAL - 2023-10-02 15:16:35 --> Call to undefined method CodeIgniter\Database\MySQLi\Builder::order_by()
in APPPATH\Models\M_Log.php on line 23.
 1 APPPATH\Controllers\Home.php(33): App\Models\M_Log->getHarian()
 2 SYSTEMPATH\CodeIgniter.php(927): App\Controllers\Home->get_Harian()
 3 SYSTEMPATH\CodeIgniter.php(482): CodeIgniter\CodeIgniter->runController(Object(App\Controllers\Home))
 4 SYSTEMPATH\CodeIgniter.php(351): CodeIgniter\CodeIgniter->handleRequest(null, Object(Config\Cache), false)
 5 FCPATH\index.php(67): CodeIgniter\CodeIgniter->run()
CRITICAL - 2023-10-02 15:16:40 --> Call to undefined method CodeIgniter\Database\MySQLi\Builder::order_by()
in APPPATH\Models\M_Log.php on line 23.
 1 APPPATH\Controllers\Home.php(33): App\Models\M_Log->getHarian()
 2 SYSTEMPATH\CodeIgniter.php(927): App\Controllers\Home->get_Harian()
 3 SYSTEMPATH\CodeIgniter.php(482): CodeIgniter\CodeIgniter->runController(Object(App\Controllers\Home))
 4 SYSTEMPATH\CodeIgniter.php(351): CodeIgniter\CodeIgniter->handleRequest(null, Object(Config\Cache), false)
 5 FCPATH\index.php(67): CodeIgniter\CodeIgniter->run()
CRITICAL - 2023-10-02 15:16:45 --> Call to undefined method CodeIgniter\Database\MySQLi\Builder::order_by()
in APPPATH\Models\M_Log.php on line 23.
 1 APPPATH\Controllers\Home.php(33): App\Models\M_Log->getHarian()
 2 SYSTEMPATH\CodeIgniter.php(927): App\Controllers\Home->get_Harian()
 3 SYSTEMPATH\CodeIgniter.php(482): CodeIgniter\CodeIgniter->runController(Object(App\Controllers\Home))
 4 SYSTEMPATH\CodeIgniter.php(351): CodeIgniter\CodeIgniter->handleRequest(null, Object(Config\Cache), false)
 5 FCPATH\index.php(67): CodeIgniter\CodeIgniter->run()
CRITICAL - 2023-10-02 15:16:50 --> Call to undefined method CodeIgniter\Database\MySQLi\Builder::order_by()
in APPPATH\Models\M_Log.php on line 23.
 1 APPPATH\Controllers\Home.php(33): App\Models\M_Log->getHarian()
 2 SYSTEMPATH\CodeIgniter.php(927): App\Controllers\Home->get_Harian()
 3 SYSTEMPATH\CodeIgniter.php(482): CodeIgniter\CodeIgniter->runController(Object(App\Controllers\Home))
 4 SYSTEMPATH\CodeIgniter.php(351): CodeIgniter\CodeIgniter->handleRequest(null, Object(Config\Cache), false)
 5 FCPATH\index.php(67): CodeIgniter\CodeIgniter->run()
CRITICAL - 2023-10-02 15:16:55 --> Call to undefined method CodeIgniter\Database\MySQLi\Builder::order_by()
in APPPATH\Models\M_Log.php on line 23.
 1 APPPATH\Controllers\Home.php(33): App\Models\M_Log->getHarian()
 2 SYSTEMPATH\CodeIgniter.php(927): App\Controllers\Home->get_Harian()
 3 SYSTEMPATH\CodeIgniter.php(482): CodeIgniter\CodeIgniter->runController(Object(App\Controllers\Home))
 4 SYSTEMPATH\CodeIgniter.php(351): CodeIgniter\CodeIgniter->handleRequest(null, Object(Config\Cache), false)
 5 FCPATH\index.php(67): CodeIgniter\CodeIgniter->run()
CRITICAL - 2023-10-02 15:17:00 --> Call to undefined method CodeIgniter\Database\MySQLi\Builder::order_by()
in APPPATH\Models\M_Log.php on line 23.
 1 APPPATH\Controllers\Home.php(33): App\Models\M_Log->getHarian()
 2 SYSTEMPATH\CodeIgniter.php(927): App\Controllers\Home->get_Harian()
 3 SYSTEMPATH\CodeIgniter.php(482): CodeIgniter\CodeIgniter->runController(Object(App\Controllers\Home))
 4 SYSTEMPATH\CodeIgniter.php(351): CodeIgniter\CodeIgniter->handleRequest(null, Object(Config\Cache), false)
 5 FCPATH\index.php(67): CodeIgniter\CodeIgniter->run()
CRITICAL - 2023-10-02 15:17:05 --> Call to undefined method CodeIgniter\Database\MySQLi\Builder::order_by()
in APPPATH\Models\M_Log.php on line 23.
 1 APPPATH\Controllers\Home.php(33): App\Models\M_Log->getHarian()
 2 SYSTEMPATH\CodeIgniter.php(927): App\Controllers\Home->get_Harian()
 3 SYSTEMPATH\CodeIgniter.php(482): CodeIgniter\CodeIgniter->runController(Object(App\Controllers\Home))
 4 SYSTEMPATH\CodeIgniter.php(351): CodeIgniter\CodeIgniter->handleRequest(null, Object(Config\Cache), false)
 5 FCPATH\index.php(67): CodeIgniter\CodeIgniter->run()
CRITICAL - 2023-10-02 15:17:10 --> Call to undefined method CodeIgniter\Database\MySQLi\Builder::order_by()
in APPPATH\Models\M_Log.php on line 23.
 1 APPPATH\Controllers\Home.php(33): App\Models\M_Log->getHarian()
 2 SYSTEMPATH\CodeIgniter.php(927): App\Controllers\Home->get_Harian()
 3 SYSTEMPATH\CodeIgniter.php(482): CodeIgniter\CodeIgniter->runController(Object(App\Controllers\Home))
 4 SYSTEMPATH\CodeIgniter.php(351): CodeIgniter\CodeIgniter->handleRequest(null, Object(Config\Cache), false)
 5 FCPATH\index.php(67): CodeIgniter\CodeIgniter->run()
CRITICAL - 2023-10-02 15:17:15 --> Call to undefined method CodeIgniter\Database\MySQLi\Builder::order_by()
in APPPATH\Models\M_Log.php on line 23.
 1 APPPATH\Controllers\Home.php(33): App\Models\M_Log->getHarian()
 2 SYSTEMPATH\CodeIgniter.php(927): App\Controllers\Home->get_Harian()
 3 SYSTEMPATH\CodeIgniter.php(482): CodeIgniter\CodeIgniter->runController(Object(App\Controllers\Home))
 4 SYSTEMPATH\CodeIgniter.php(351): CodeIgniter\CodeIgniter->handleRequest(null, Object(Config\Cache), false)
 5 FCPATH\index.php(67): CodeIgniter\CodeIgniter->run()
CRITICAL - 2023-10-02 15:17:20 --> Call to undefined method CodeIgniter\Database\MySQLi\Builder::order_by()
in APPPATH\Models\M_Log.php on line 23.
 1 APPPATH\Controllers\Home.php(33): App\Models\M_Log->getHarian()
 2 SYSTEMPATH\CodeIgniter.php(927): App\Controllers\Home->get_Harian()
 3 SYSTEMPATH\CodeIgniter.php(482): CodeIgniter\CodeIgniter->runController(Object(App\Controllers\Home))
 4 SYSTEMPATH\CodeIgniter.php(351): CodeIgniter\CodeIgniter->handleRequest(null, Object(Config\Cache), false)
 5 FCPATH\index.php(67): CodeIgniter\CodeIgniter->run()
CRITICAL - 2023-10-02 15:18:01 --> Call to undefined method CodeIgniter\Database\MySQLi\Builder::order_by()
in APPPATH\Models\M_Log.php on line 23.
 1 APPPATH\Controllers\Home.php(33): App\Models\M_Log->getHarian()
 2 SYSTEMPATH\CodeIgniter.php(927): App\Controllers\Home->get_Harian()
 3 SYSTEMPATH\CodeIgniter.php(482): CodeIgniter\CodeIgniter->runController(Object(App\Controllers\Home))
 4 SYSTEMPATH\CodeIgniter.php(351): CodeIgniter\CodeIgniter->handleRequest(null, Object(Config\Cache), false)
 5 FCPATH\index.php(67): CodeIgniter\CodeIgniter->run()
CRITICAL - 2023-10-02 15:18:40 --> Call to undefined method CodeIgniter\Database\MySQLi\Builder::order_by()
in APPPATH\Models\M_Log.php on line 23.
 1 APPPATH\Controllers\Home.php(33): App\Models\M_Log->getHarian()
 2 SYSTEMPATH\CodeIgniter.php(927): App\Controllers\Home->get_Harian()
 3 SYSTEMPATH\CodeIgniter.php(482): CodeIgniter\CodeIgniter->runController(Object(App\Controllers\Home))
 4 SYSTEMPATH\CodeIgniter.php(351): CodeIgniter\CodeIgniter->handleRequest(null, Object(Config\Cache), false)
 5 FCPATH\index.php(67): CodeIgniter\CodeIgniter->run()
CRITICAL - 2023-10-02 15:18:42 --> Call to undefined method CodeIgniter\Database\MySQLi\Builder::order_by()
in APPPATH\Models\M_Log.php on line 23.
 1 APPPATH\Controllers\Home.php(33): App\Models\M_Log->getHarian()
 2 SYSTEMPATH\CodeIgniter.php(927): App\Controllers\Home->get_Harian()
 3 SYSTEMPATH\CodeIgniter.php(482): CodeIgniter\CodeIgniter->runController(Object(App\Controllers\Home))
 4 SYSTEMPATH\CodeIgniter.php(351): CodeIgniter\CodeIgniter->handleRequest(null, Object(Config\Cache), false)
 5 FCPATH\index.php(67): CodeIgniter\CodeIgniter->run()
CRITICAL - 2023-10-02 15:18:48 --> Call to undefined method CodeIgniter\Database\MySQLi\Builder::order_by()
in APPPATH\Models\M_Log.php on line 23.
 1 APPPATH\Controllers\Home.php(33): App\Models\M_Log->getHarian()
 2 SYSTEMPATH\CodeIgniter.php(927): App\Controllers\Home->get_Harian()
 3 SYSTEMPATH\CodeIgniter.php(482): CodeIgniter\CodeIgniter->runController(Object(App\Controllers\Home))
 4 SYSTEMPATH\CodeIgniter.php(351): CodeIgniter\CodeIgniter->handleRequest(null, Object(Config\Cache), false)
 5 FCPATH\index.php(67): CodeIgniter\CodeIgniter->run()
CRITICAL - 2023-10-02 15:18:53 --> Call to undefined method CodeIgniter\Database\MySQLi\Builder::order_by()
in APPPATH\Models\M_Log.php on line 23.
 1 APPPATH\Controllers\Home.php(33): App\Models\M_Log->getHarian()
 2 SYSTEMPATH\CodeIgniter.php(927): App\Controllers\Home->get_Harian()
 3 SYSTEMPATH\CodeIgniter.php(482): CodeIgniter\CodeIgniter->runController(Object(App\Controllers\Home))
 4 SYSTEMPATH\CodeIgniter.php(351): CodeIgniter\CodeIgniter->handleRequest(null, Object(Config\Cache), false)
 5 FCPATH\index.php(67): CodeIgniter\CodeIgniter->run()
CRITICAL - 2023-10-02 15:18:58 --> Call to undefined method CodeIgniter\Database\MySQLi\Builder::order_by()
in APPPATH\Models\M_Log.php on line 23.
 1 APPPATH\Controllers\Home.php(33): App\Models\M_Log->getHarian()
 2 SYSTEMPATH\CodeIgniter.php(927): App\Controllers\Home->get_Harian()
 3 SYSTEMPATH\CodeIgniter.php(482): CodeIgniter\CodeIgniter->runController(Object(App\Controllers\Home))
 4 SYSTEMPATH\CodeIgniter.php(351): CodeIgniter\CodeIgniter->handleRequest(null, Object(Config\Cache), false)
 5 FCPATH\index.php(67): CodeIgniter\CodeIgniter->run()
CRITICAL - 2023-10-02 15:19:03 --> Call to undefined method CodeIgniter\Database\MySQLi\Builder::order_by()
in APPPATH\Models\M_Log.php on line 23.
 1 APPPATH\Controllers\Home.php(33): App\Models\M_Log->getHarian()
 2 SYSTEMPATH\CodeIgniter.php(927): App\Controllers\Home->get_Harian()
 3 SYSTEMPATH\CodeIgniter.php(482): CodeIgniter\CodeIgniter->runController(Object(App\Controllers\Home))
 4 SYSTEMPATH\CodeIgniter.php(351): CodeIgniter\CodeIgniter->handleRequest(null, Object(Config\Cache), false)
 5 FCPATH\index.php(67): CodeIgniter\CodeIgniter->run()
CRITICAL - 2023-10-02 15:19:08 --> Call to undefined method CodeIgniter\Database\MySQLi\Builder::order_by()
in APPPATH\Models\M_Log.php on line 23.
 1 APPPATH\Controllers\Home.php(33): App\Models\M_Log->getHarian()
 2 SYSTEMPATH\CodeIgniter.php(927): App\Controllers\Home->get_Harian()
 3 SYSTEMPATH\CodeIgniter.php(482): CodeIgniter\CodeIgniter->runController(Object(App\Controllers\Home))
 4 SYSTEMPATH\CodeIgniter.php(351): CodeIgniter\CodeIgniter->handleRequest(null, Object(Config\Cache), false)
 5 FCPATH\index.php(67): CodeIgniter\CodeIgniter->run()
CRITICAL - 2023-10-02 15:19:12 --> Call to undefined method CodeIgniter\Database\MySQLi\Builder::order_by()
in APPPATH\Models\M_Log.php on line 23.
 1 APPPATH\Controllers\Home.php(33): App\Models\M_Log->getHarian()
 2 SYSTEMPATH\CodeIgniter.php(927): App\Controllers\Home->get_Harian()
 3 SYSTEMPATH\CodeIgniter.php(482): CodeIgniter\CodeIgniter->runController(Object(App\Controllers\Home))
 4 SYSTEMPATH\CodeIgniter.php(351): CodeIgniter\CodeIgniter->handleRequest(null, Object(Config\Cache), false)
 5 FCPATH\index.php(67): CodeIgniter\CodeIgniter->run()
CRITICAL - 2023-10-02 15:19:14 --> Call to undefined method CodeIgniter\Database\MySQLi\Builder::order_by()
in APPPATH\Models\M_Log.php on line 23.
 1 APPPATH\Controllers\Home.php(33): App\Models\M_Log->getHarian()
 2 SYSTEMPATH\CodeIgniter.php(927): App\Controllers\Home->get_Harian()
 3 SYSTEMPATH\CodeIgniter.php(482): CodeIgniter\CodeIgniter->runController(Object(App\Controllers\Home))
 4 SYSTEMPATH\CodeIgniter.php(351): CodeIgniter\CodeIgniter->handleRequest(null, Object(Config\Cache), false)
 5 FCPATH\index.php(67): CodeIgniter\CodeIgniter->run()
CRITICAL - 2023-10-02 15:19:20 --> Call to undefined method CodeIgniter\Database\MySQLi\Builder::order_by()
in APPPATH\Models\M_Log.php on line 23.
 1 APPPATH\Controllers\Home.php(33): App\Models\M_Log->getHarian()
 2 SYSTEMPATH\CodeIgniter.php(927): App\Controllers\Home->get_Harian()
 3 SYSTEMPATH\CodeIgniter.php(482): CodeIgniter\CodeIgniter->runController(Object(App\Controllers\Home))
 4 SYSTEMPATH\CodeIgniter.php(351): CodeIgniter\CodeIgniter->handleRequest(null, Object(Config\Cache), false)
 5 FCPATH\index.php(67): CodeIgniter\CodeIgniter->run()
CRITICAL - 2023-10-02 15:19:58 --> Call to undefined method CodeIgniter\Database\MySQLi\Builder::order_by()
in APPPATH\Models\M_Log.php on line 23.
 1 APPPATH\Controllers\Home.php(33): App\Models\M_Log->getHarian()
 2 SYSTEMPATH\CodeIgniter.php(927): App\Controllers\Home->get_Harian()
 3 SYSTEMPATH\CodeIgniter.php(482): CodeIgniter\CodeIgniter->runController(Object(App\Controllers\Home))
 4 SYSTEMPATH\CodeIgniter.php(351): CodeIgniter\CodeIgniter->handleRequest(null, Object(Config\Cache), false)
 5 FCPATH\index.php(67): CodeIgniter\CodeIgniter->run()
CRITICAL - 2023-10-02 15:20:04 --> Call to undefined method CodeIgniter\Database\MySQLi\Builder::order_by()
in APPPATH\Models\M_Log.php on line 23.
 1 APPPATH\Controllers\Home.php(33): App\Models\M_Log->getHarian()
 2 SYSTEMPATH\CodeIgniter.php(927): App\Controllers\Home->get_Harian()
 3 SYSTEMPATH\CodeIgniter.php(482): CodeIgniter\CodeIgniter->runController(Object(App\Controllers\Home))
 4 SYSTEMPATH\CodeIgniter.php(351): CodeIgniter\CodeIgniter->handleRequest(null, Object(Config\Cache), false)
 5 FCPATH\index.php(67): CodeIgniter\CodeIgniter->run()
CRITICAL - 2023-10-02 15:20:09 --> Call to undefined method CodeIgniter\Database\MySQLi\Builder::order_by()
in APPPATH\Models\M_Log.php on line 23.
 1 APPPATH\Controllers\Home.php(33): App\Models\M_Log->getHarian()
 2 SYSTEMPATH\CodeIgniter.php(927): App\Controllers\Home->get_Harian()
 3 SYSTEMPATH\CodeIgniter.php(482): CodeIgniter\CodeIgniter->runController(Object(App\Controllers\Home))
 4 SYSTEMPATH\CodeIgniter.php(351): CodeIgniter\CodeIgniter->handleRequest(null, Object(Config\Cache), false)
 5 FCPATH\index.php(67): CodeIgniter\CodeIgniter->run()
CRITICAL - 2023-10-02 15:20:14 --> Call to undefined method CodeIgniter\Database\MySQLi\Builder::order_by()
in APPPATH\Models\M_Log.php on line 23.
 1 APPPATH\Controllers\Home.php(33): App\Models\M_Log->getHarian()
 2 SYSTEMPATH\CodeIgniter.php(927): App\Controllers\Home->get_Harian()
 3 SYSTEMPATH\CodeIgniter.php(482): CodeIgniter\CodeIgniter->runController(Object(App\Controllers\Home))
 4 SYSTEMPATH\CodeIgniter.php(351): CodeIgniter\CodeIgniter->handleRequest(null, Object(Config\Cache), false)
 5 FCPATH\index.php(67): CodeIgniter\CodeIgniter->run()
CRITICAL - 2023-10-02 15:20:19 --> Call to undefined method CodeIgniter\Database\MySQLi\Builder::order_by()
in APPPATH\Models\M_Log.php on line 23.
 1 APPPATH\Controllers\Home.php(33): App\Models\M_Log->getHarian()
 2 SYSTEMPATH\CodeIgniter.php(927): App\Controllers\Home->get_Harian()
 3 SYSTEMPATH\CodeIgniter.php(482): CodeIgniter\CodeIgniter->runController(Object(App\Controllers\Home))
 4 SYSTEMPATH\CodeIgniter.php(351): CodeIgniter\CodeIgniter->handleRequest(null, Object(Config\Cache), false)
 5 FCPATH\index.php(67): CodeIgniter\CodeIgniter->run()
CRITICAL - 2023-10-02 15:20:24 --> Call to undefined method CodeIgniter\Database\MySQLi\Builder::order_by()
in APPPATH\Models\M_Log.php on line 23.
 1 APPPATH\Controllers\Home.php(33): App\Models\M_Log->getHarian()
 2 SYSTEMPATH\CodeIgniter.php(927): App\Controllers\Home->get_Harian()
 3 SYSTEMPATH\CodeIgniter.php(482): CodeIgniter\CodeIgniter->runController(Object(App\Controllers\Home))
 4 SYSTEMPATH\CodeIgniter.php(351): CodeIgniter\CodeIgniter->handleRequest(null, Object(Config\Cache), false)
 5 FCPATH\index.php(67): CodeIgniter\CodeIgniter->run()
CRITICAL - 2023-10-02 15:20:29 --> Call to undefined method CodeIgniter\Database\MySQLi\Builder::order_by()
in APPPATH\Models\M_Log.php on line 23.
 1 APPPATH\Controllers\Home.php(33): App\Models\M_Log->getHarian()
 2 SYSTEMPATH\CodeIgniter.php(927): App\Controllers\Home->get_Harian()
 3 SYSTEMPATH\CodeIgniter.php(482): CodeIgniter\CodeIgniter->runController(Object(App\Controllers\Home))
 4 SYSTEMPATH\CodeIgniter.php(351): CodeIgniter\CodeIgniter->handleRequest(null, Object(Config\Cache), false)
 5 FCPATH\index.php(67): CodeIgniter\CodeIgniter->run()
CRITICAL - 2023-10-02 15:47:01 --> syntax error, unexpected token "->"
in APPPATH\Models\M_Log.php on line 36.
 1 SYSTEMPATH\Autoloader\Autoloader.php(259): CodeIgniter\Autoloader\Autoloader->includeFile('APPPATH\\Models\\M_Log.php')
 2 SYSTEMPATH\Autoloader\Autoloader.php(237): CodeIgniter\Autoloader\Autoloader->loadInNamespace('App\\Models\\M_Log')
 3 APPPATH\Controllers\Home.php(11): CodeIgniter\Autoloader\Autoloader->loadClass('App\\Models\\M_Log')
 4 SYSTEMPATH\CodeIgniter.php(889): App\Controllers\Home->__construct()
 5 SYSTEMPATH\CodeIgniter.php(473): CodeIgniter\CodeIgniter->createController()
 6 SYSTEMPATH\CodeIgniter.php(351): CodeIgniter\CodeIgniter->handleRequest(null, Object(Config\Cache), false)
 7 FCPATH\index.php(67): CodeIgniter\CodeIgniter->run()
CRITICAL - 2023-10-02 15:48:01 --> syntax error, unexpected token "->"
in APPPATH\Models\M_Log.php on line 36.
 1 SYSTEMPATH\Autoloader\Autoloader.php(259): CodeIgniter\Autoloader\Autoloader->includeFile('APPPATH\\Models\\M_Log.php')
 2 SYSTEMPATH\Autoloader\Autoloader.php(237): CodeIgniter\Autoloader\Autoloader->loadInNamespace('App\\Models\\M_Log')
 3 APPPATH\Controllers\Home.php(11): CodeIgniter\Autoloader\Autoloader->loadClass('App\\Models\\M_Log')
 4 SYSTEMPATH\CodeIgniter.php(889): App\Controllers\Home->__construct()
 5 SYSTEMPATH\CodeIgniter.php(473): CodeIgniter\CodeIgniter->createController()
 6 SYSTEMPATH\CodeIgniter.php(351): CodeIgniter\CodeIgniter->handleRequest(null, Object(Config\Cache), false)
 7 FCPATH\index.php(67): CodeIgniter\CodeIgniter->run()
CRITICAL - 2023-10-02 15:49:01 --> syntax error, unexpected token "->"
in APPPATH\Models\M_Log.php on line 36.
 1 SYSTEMPATH\Autoloader\Autoloader.php(259): CodeIgniter\Autoloader\Autoloader->includeFile('APPPATH\\Models\\M_Log.php')
 2 SYSTEMPATH\Autoloader\Autoloader.php(237): CodeIgniter\Autoloader\Autoloader->loadInNamespace('App\\Models\\M_Log')
 3 APPPATH\Controllers\Home.php(11): CodeIgniter\Autoloader\Autoloader->loadClass('App\\Models\\M_Log')
 4 SYSTEMPATH\CodeIgniter.php(889): App\Controllers\Home->__construct()
 5 SYSTEMPATH\CodeIgniter.php(473): CodeIgniter\CodeIgniter->createController()
 6 SYSTEMPATH\CodeIgniter.php(351): CodeIgniter\CodeIgniter->handleRequest(null, Object(Config\Cache), false)
 7 FCPATH\index.php(67): CodeIgniter\CodeIgniter->run()
CRITICAL - 2023-10-02 15:50:01 --> syntax error, unexpected token "->"
in APPPATH\Models\M_Log.php on line 36.
 1 SYSTEMPATH\Autoloader\Autoloader.php(259): CodeIgniter\Autoloader\Autoloader->includeFile('APPPATH\\Models\\M_Log.php')
 2 SYSTEMPATH\Autoloader\Autoloader.php(237): CodeIgniter\Autoloader\Autoloader->loadInNamespace('App\\Models\\M_Log')
 3 APPPATH\Controllers\Home.php(11): CodeIgniter\Autoloader\Autoloader->loadClass('App\\Models\\M_Log')
 4 SYSTEMPATH\CodeIgniter.php(889): App\Controllers\Home->__construct()
 5 SYSTEMPATH\CodeIgniter.php(473): CodeIgniter\CodeIgniter->createController()
 6 SYSTEMPATH\CodeIgniter.php(351): CodeIgniter\CodeIgniter->handleRequest(null, Object(Config\Cache), false)
 7 FCPATH\index.php(67): CodeIgniter\CodeIgniter->run()
CRITICAL - 2023-10-02 15:50:23 --> syntax error, unexpected token "->"
in APPPATH\Models\M_Log.php on line 36.
 1 SYSTEMPATH\Autoloader\Autoloader.php(259): CodeIgniter\Autoloader\Autoloader->includeFile('APPPATH\\Models\\M_Log.php')
 2 SYSTEMPATH\Autoloader\Autoloader.php(237): CodeIgniter\Autoloader\Autoloader->loadInNamespace('App\\Models\\M_Log')
 3 APPPATH\Controllers\Home.php(11): CodeIgniter\Autoloader\Autoloader->loadClass('App\\Models\\M_Log')
 4 SYSTEMPATH\CodeIgniter.php(889): App\Controllers\Home->__construct()
 5 SYSTEMPATH\CodeIgniter.php(473): CodeIgniter\CodeIgniter->createController()
 6 SYSTEMPATH\CodeIgniter.php(351): CodeIgniter\CodeIgniter->handleRequest(null, Object(Config\Cache), false)
 7 FCPATH\index.php(67): CodeIgniter\CodeIgniter->run()
CRITICAL - 2023-10-02 15:50:25 --> syntax error, unexpected token "->"
in APPPATH\Models\M_Log.php on line 36.
 1 SYSTEMPATH\Autoloader\Autoloader.php(259): CodeIgniter\Autoloader\Autoloader->includeFile('APPPATH\\Models\\M_Log.php')
 2 SYSTEMPATH\Autoloader\Autoloader.php(237): CodeIgniter\Autoloader\Autoloader->loadInNamespace('App\\Models\\M_Log')
 3 APPPATH\Controllers\Home.php(11): CodeIgniter\Autoloader\Autoloader->loadClass('App\\Models\\M_Log')
 4 SYSTEMPATH\CodeIgniter.php(889): App\Controllers\Home->__construct()
 5 SYSTEMPATH\CodeIgniter.php(473): CodeIgniter\CodeIgniter->createController()
 6 SYSTEMPATH\CodeIgniter.php(351): CodeIgniter\CodeIgniter->handleRequest(null, Object(Config\Cache), false)
 7 FCPATH\index.php(67): CodeIgniter\CodeIgniter->run()
CRITICAL - 2023-10-02 15:50:25 --> syntax error, unexpected token "->"
in APPPATH\Models\M_Log.php on line 36.
 1 SYSTEMPATH\Autoloader\Autoloader.php(259): CodeIgniter\Autoloader\Autoloader->includeFile('APPPATH\\Models\\M_Log.php')
 2 SYSTEMPATH\Autoloader\Autoloader.php(237): CodeIgniter\Autoloader\Autoloader->loadInNamespace('App\\Models\\M_Log')
 3 APPPATH\Controllers\Home.php(11): CodeIgniter\Autoloader\Autoloader->loadClass('App\\Models\\M_Log')
 4 SYSTEMPATH\CodeIgniter.php(889): App\Controllers\Home->__construct()
 5 SYSTEMPATH\CodeIgniter.php(473): CodeIgniter\CodeIgniter->createController()
 6 SYSTEMPATH\CodeIgniter.php(351): CodeIgniter\CodeIgniter->handleRequest(null, Object(Config\Cache), false)
 7 FCPATH\index.php(67): CodeIgniter\CodeIgniter->run()
CRITICAL - 2023-10-02 16:01:59 --> date_format(): Argument #1 ($object) must be of type DateTimeInterface, string given
in APPPATH\Views\Home\detail.php on line 4.
 1 APPPATH\Views\Home\detail.php(4): date_format('2023-10-02', 'l, d F Y')
 2 SYSTEMPATH\View\View.php(213): include('APPPATH\\Views\\Home\\detail.php')
 3 SYSTEMPATH\View\View.php(216): CodeIgniter\View\View->CodeIgniter\View\{closure}()
 4 SYSTEMPATH\Common.php(1134): CodeIgniter\View\View->render('Home/detail', [], true)
 5 APPPATH\Controllers\Home.php(43): view('Home/detail')
 6 SYSTEMPATH\CodeIgniter.php(927): App\Controllers\Home->detail()
 7 SYSTEMPATH\CodeIgniter.php(482): CodeIgniter\CodeIgniter->runController(Object(App\Controllers\Home))
 8 SYSTEMPATH\CodeIgniter.php(351): CodeIgniter\CodeIgniter->handleRequest(null, Object(Config\Cache), false)
 9 FCPATH\index.php(67): CodeIgniter\CodeIgniter->run()
CRITICAL - 2023-10-02 16:03:08 --> date_format(): Argument #1 ($object) must be of type DateTimeInterface, string given
in APPPATH\Views\Home\detail.php on line 4.
 1 APPPATH\Views\Home\detail.php(4): date_format('2023-10-02', 'l, d F Y')
 2 SYSTEMPATH\View\View.php(213): include('APPPATH\\Views\\Home\\detail.php')
 3 SYSTEMPATH\View\View.php(216): CodeIgniter\View\View->CodeIgniter\View\{closure}()
 4 SYSTEMPATH\Common.php(1134): CodeIgniter\View\View->render('Home/detail', [], true)
 5 APPPATH\Controllers\Home.php(43): view('Home/detail')
 6 SYSTEMPATH\CodeIgniter.php(927): App\Controllers\Home->detail()
 7 SYSTEMPATH\CodeIgniter.php(482): CodeIgniter\CodeIgniter->runController(Object(App\Controllers\Home))
 8 SYSTEMPATH\CodeIgniter.php(351): CodeIgniter\CodeIgniter->handleRequest(null, Object(Config\Cache), false)
 9 FCPATH\index.php(67): CodeIgniter\CodeIgniter->run()
CRITICAL - 2023-10-02 16:03:20 --> date_format(): Argument #1 ($object) must be of type DateTimeInterface, string given
in APPPATH\Views\Home\detail.php on line 4.
 1 APPPATH\Views\Home\detail.php(4): date_format('2023-10-02', 'l, d F Y')
 2 SYSTEMPATH\View\View.php(213): include('APPPATH\\Views\\Home\\detail.php')
 3 SYSTEMPATH\View\View.php(216): CodeIgniter\View\View->CodeIgniter\View\{closure}()
 4 SYSTEMPATH\Common.php(1134): CodeIgniter\View\View->render('Home/detail', [], true)
 5 APPPATH\Controllers\Home.php(43): view('Home/detail')
 6 SYSTEMPATH\CodeIgniter.php(927): App\Controllers\Home->detail()
 7 SYSTEMPATH\CodeIgniter.php(482): CodeIgniter\CodeIgniter->runController(Object(App\Controllers\Home))
 8 SYSTEMPATH\CodeIgniter.php(351): CodeIgniter\CodeIgniter->handleRequest(null, Object(Config\Cache), false)
 9 FCPATH\index.php(67): CodeIgniter\CodeIgniter->run()
CRITICAL - 2023-10-02 17:53:42 --> Undefined array key "password"
in APPPATH\Controllers\Login.php on line 65.
 1 APPPATH\Controllers\Login.php(65): CodeIgniter\Debug\Exceptions->errorHandler(2, 'Undefined array key "password"', 'APPPATH\\Controllers\\Login.php', 65)
 2 SYSTEMPATH\CodeIgniter.php(927): App\Controllers\Login->login()
 3 SYSTEMPATH\CodeIgniter.php(482): CodeIgniter\CodeIgniter->runController(Object(App\Controllers\Login))
 4 SYSTEMPATH\CodeIgniter.php(351): CodeIgniter\CodeIgniter->handleRequest(null, Object(Config\Cache), false)
 5 FCPATH\index.php(67): CodeIgniter\CodeIgniter->run()
CRITICAL - 2023-10-02 17:56:14 --> Undefined array key "password"
in APPPATH\Controllers\Login.php on line 65.
 1 APPPATH\Controllers\Login.php(65): CodeIgniter\Debug\Exceptions->errorHandler(2, 'Undefined array key "password"', 'APPPATH\\Controllers\\Login.php', 65)
 2 SYSTEMPATH\CodeIgniter.php(927): App\Controllers\Login->login()
 3 SYSTEMPATH\CodeIgniter.php(482): CodeIgniter\CodeIgniter->runController(Object(App\Controllers\Login))
 4 SYSTEMPATH\CodeIgniter.php(351): CodeIgniter\CodeIgniter->handleRequest(null, Object(Config\Cache), false)
 5 FCPATH\index.php(67): CodeIgniter\CodeIgniter->run()
