CRITICAL - 2023-11-13 15:24:36 --> CodeIgniter\Database\BaseResult::getResult(): Argument #1 ($type) must be of type string, null given, called in D:\Server\htdocs\kependudukan\vendor\codeigniter4\framework\system\Model.php on line 224
in SYSTEMPATH\Database\BaseResult.php on line 96.
 1 SYSTEMPATH\Model.php(224): CodeIgniter\Database\BaseResult->getResult(null)
 2 SYSTEMPATH\BaseModel.php(585): CodeIgniter\Model->doFindAll(10, 0)
 3 SYSTEMPATH\BaseModel.php(1110): CodeIgniter\BaseModel->findAll(10, 0)
 4 APPPATH\Controllers\Database.php(24): CodeIgniter\BaseModel->paginate(10, 'group1')
 5 SYSTEMPATH\CodeIgniter.php(927): App\Controllers\Database->index()
 6 SYSTEMPATH\CodeIgniter.php(482): CodeIgniter\CodeIgniter->runController(Object(App\Controllers\Database))
 7 SYSTEMPATH\CodeIgniter.php(351): CodeIgniter\CodeIgniter->handleRequest(null, Object(Config\Cache), false)
 8 FCPATH\index.php(67): CodeIgniter\CodeIgniter->run()
CRITICAL - 2023-11-13 15:25:43 --> CodeIgniter\Database\BaseResult::getResult(): Argument #1 ($type) must be of type string, null given, called in D:\Server\htdocs\kependudukan\vendor\codeigniter4\framework\system\Model.php on line 224
in SYSTEMPATH\Database\BaseResult.php on line 96.
 1 SYSTEMPATH\Model.php(224): CodeIgniter\Database\BaseResult->getResult(null)
 2 SYSTEMPATH\BaseModel.php(585): CodeIgniter\Model->doFindAll(10, 0)
 3 SYSTEMPATH\BaseModel.php(1110): CodeIgniter\BaseModel->findAll(10, 0)
 4 APPPATH\Controllers\Database.php(24): CodeIgniter\BaseModel->paginate(10, 'group1')
 5 SYSTEMPATH\CodeIgniter.php(927): App\Controllers\Database->index()
 6 SYSTEMPATH\CodeIgniter.php(482): CodeIgniter\CodeIgniter->runController(Object(App\Controllers\Database))
 7 SYSTEMPATH\CodeIgniter.php(351): CodeIgniter\CodeIgniter->handleRequest(null, Object(Config\Cache), false)
 8 FCPATH\index.php(67): CodeIgniter\CodeIgniter->run()
CRITICAL - 2023-11-13 15:26:02 --> CodeIgniter\Database\BaseResult::getResult(): Argument #1 ($type) must be of type string, null given, called in D:\Server\htdocs\kependudukan\vendor\codeigniter4\framework\system\Model.php on line 224
in SYSTEMPATH\Database\BaseResult.php on line 96.
 1 SYSTEMPATH\Model.php(224): CodeIgniter\Database\BaseResult->getResult(null)
 2 SYSTEMPATH\BaseModel.php(585): CodeIgniter\Model->doFindAll(10, 0)
 3 SYSTEMPATH\BaseModel.php(1110): CodeIgniter\BaseModel->findAll(10, 0)
 4 APPPATH\Controllers\Database.php(24): CodeIgniter\BaseModel->paginate(10, 'group1')
 5 SYSTEMPATH\CodeIgniter.php(927): App\Controllers\Database->index()
 6 SYSTEMPATH\CodeIgniter.php(482): CodeIgniter\CodeIgniter->runController(Object(App\Controllers\Database))
 7 SYSTEMPATH\CodeIgniter.php(351): CodeIgniter\CodeIgniter->handleRequest(null, Object(Config\Cache), false)
 8 FCPATH\index.php(67): CodeIgniter\CodeIgniter->run()
CRITICAL - 2023-11-13 15:26:16 --> CodeIgniter\Database\BaseResult::getResult(): Argument #1 ($type) must be of type string, null given, called in D:\Server\htdocs\kependudukan\vendor\codeigniter4\framework\system\Model.php on line 224
in SYSTEMPATH\Database\BaseResult.php on line 96.
 1 SYSTEMPATH\Model.php(224): CodeIgniter\Database\BaseResult->getResult(null)
 2 SYSTEMPATH\BaseModel.php(585): CodeIgniter\Model->doFindAll(10, 0)
 3 SYSTEMPATH\BaseModel.php(1110): CodeIgniter\BaseModel->findAll(10, 0)
 4 APPPATH\Controllers\Database.php(24): CodeIgniter\BaseModel->paginate(10, 'group1')
 5 SYSTEMPATH\CodeIgniter.php(927): App\Controllers\Database->index()
 6 SYSTEMPATH\CodeIgniter.php(482): CodeIgniter\CodeIgniter->runController(Object(App\Controllers\Database))
 7 SYSTEMPATH\CodeIgniter.php(351): CodeIgniter\CodeIgniter->handleRequest(null, Object(Config\Cache), false)
 8 FCPATH\index.php(67): CodeIgniter\CodeIgniter->run()
CRITICAL - 2023-11-13 15:30:42 --> You must set the database table to be used with your query.
in SYSTEMPATH\Database\BaseConnection.php on line 845.
 1 SYSTEMPATH\Model.php(587): CodeIgniter\Database\BaseConnection->table(null)
 2 SYSTEMPATH\Model.php(764): CodeIgniter\Model->builder()
 3 APPPATH\Models\M_Penduduk.php(13): CodeIgniter\Model->__call('orderBy', [...])
 4 APPPATH\Controllers\Database.php(24): App\Models\M_Penduduk->getAllData()
 5 SYSTEMPATH\CodeIgniter.php(927): App\Controllers\Database->index()
 6 SYSTEMPATH\CodeIgniter.php(482): CodeIgniter\CodeIgniter->runController(Object(App\Controllers\Database))
 7 SYSTEMPATH\CodeIgniter.php(351): CodeIgniter\CodeIgniter->handleRequest(null, Object(Config\Cache), false)
 8 FCPATH\index.php(67): CodeIgniter\CodeIgniter->run()
CRITICAL - 2023-11-13 15:38:54 --> Undefined variable $modelPenduduk
in APPPATH\Controllers\Database.php on line 24.
 1 APPPATH\Controllers\Database.php(24): CodeIgniter\Debug\Exceptions->errorHandler(2, 'Undefined variable $modelPenduduk', 'APPPATH\\Controllers\\Database.php', 24)
 2 SYSTEMPATH\CodeIgniter.php(927): App\Controllers\Database->index()
 3 SYSTEMPATH\CodeIgniter.php(482): CodeIgniter\CodeIgniter->runController(Object(App\Controllers\Database))
 4 SYSTEMPATH\CodeIgniter.php(351): CodeIgniter\CodeIgniter->handleRequest(null, Object(Config\Cache), false)
 5 FCPATH\index.php(67): CodeIgniter\CodeIgniter->run()
CRITICAL - 2023-11-13 15:40:06 --> CodeIgniter\Database\BaseResult::getResult(): Argument #1 ($type) must be of type string, null given, called in D:\Server\htdocs\kependudukan\vendor\codeigniter4\framework\system\Model.php on line 224
in SYSTEMPATH\Database\BaseResult.php on line 96.
 1 SYSTEMPATH\Model.php(224): CodeIgniter\Database\BaseResult->getResult(null)
 2 SYSTEMPATH\BaseModel.php(585): CodeIgniter\Model->doFindAll(10, 0)
 3 SYSTEMPATH\BaseModel.php(1110): CodeIgniter\BaseModel->findAll(10, 0)
 4 APPPATH\Models\M_Penduduk.php(27): CodeIgniter\BaseModel->paginate(10, 'group1', 1)
 5 APPPATH\Controllers\Database.php(24): App\Models\M_Penduduk->getPagedData(10, null)
 6 SYSTEMPATH\CodeIgniter.php(927): App\Controllers\Database->index()
 7 SYSTEMPATH\CodeIgniter.php(482): CodeIgniter\CodeIgniter->runController(Object(App\Controllers\Database))
 8 SYSTEMPATH\CodeIgniter.php(351): CodeIgniter\CodeIgniter->handleRequest(null, Object(Config\Cache), false)
 9 FCPATH\index.php(67): CodeIgniter\CodeIgniter->run()
CRITICAL - 2023-11-13 15:42:55 --> CodeIgniter\Database\BaseResult::getResult(): Argument #1 ($type) must be of type string, null given, called in D:\Server\htdocs\kependudukan\vendor\codeigniter4\framework\system\Model.php on line 224
in SYSTEMPATH\Database\BaseResult.php on line 96.
 1 SYSTEMPATH\Model.php(224): CodeIgniter\Database\BaseResult->getResult(null)
 2 SYSTEMPATH\BaseModel.php(585): CodeIgniter\Model->doFindAll(10, 0)
 3 SYSTEMPATH\BaseModel.php(1110): CodeIgniter\BaseModel->findAll(10, 0)
 4 APPPATH\Models\M_Penduduk.php(27): CodeIgniter\BaseModel->paginate(10, 'group1', 1)
 5 APPPATH\Controllers\Database.php(24): App\Models\M_Penduduk->getPagedData(10, null)
 6 SYSTEMPATH\CodeIgniter.php(927): App\Controllers\Database->index()
 7 SYSTEMPATH\CodeIgniter.php(482): CodeIgniter\CodeIgniter->runController(Object(App\Controllers\Database))
 8 SYSTEMPATH\CodeIgniter.php(351): CodeIgniter\CodeIgniter->handleRequest(null, Object(Config\Cache), false)
 9 FCPATH\index.php(67): CodeIgniter\CodeIgniter->run()
CRITICAL - 2023-11-13 15:43:23 --> Undefined variable $modelPenduduk
in APPPATH\Controllers\Database.php on line 24.
 1 APPPATH\Controllers\Database.php(24): CodeIgniter\Debug\Exceptions->errorHandler(2, 'Undefined variable $modelPenduduk', 'APPPATH\\Controllers\\Database.php', 24)
 2 SYSTEMPATH\CodeIgniter.php(927): App\Controllers\Database->index()
 3 SYSTEMPATH\CodeIgniter.php(482): CodeIgniter\CodeIgniter->runController(Object(App\Controllers\Database))
 4 SYSTEMPATH\CodeIgniter.php(351): CodeIgniter\CodeIgniter->handleRequest(null, Object(Config\Cache), false)
 5 FCPATH\index.php(67): CodeIgniter\CodeIgniter->run()
CRITICAL - 2023-11-13 15:43:32 --> Undefined variable $modelPenduduk
in APPPATH\Controllers\Database.php on line 24.
 1 APPPATH\Controllers\Database.php(24): CodeIgniter\Debug\Exceptions->errorHandler(2, 'Undefined variable $modelPenduduk', 'APPPATH\\Controllers\\Database.php', 24)
 2 SYSTEMPATH\CodeIgniter.php(927): App\Controllers\Database->index()
 3 SYSTEMPATH\CodeIgniter.php(482): CodeIgniter\CodeIgniter->runController(Object(App\Controllers\Database))
 4 SYSTEMPATH\CodeIgniter.php(351): CodeIgniter\CodeIgniter->handleRequest(null, Object(Config\Cache), false)
 5 FCPATH\index.php(67): CodeIgniter\CodeIgniter->run()
CRITICAL - 2023-11-13 15:43:57 --> CodeIgniter\Database\BaseResult::getResult(): Argument #1 ($type) must be of type string, null given, called in D:\Server\htdocs\kependudukan\vendor\codeigniter4\framework\system\Model.php on line 224
in SYSTEMPATH\Database\BaseResult.php on line 96.
 1 SYSTEMPATH\Model.php(224): CodeIgniter\Database\BaseResult->getResult(null)
 2 SYSTEMPATH\BaseModel.php(585): CodeIgniter\Model->doFindAll(10, 0)
 3 SYSTEMPATH\BaseModel.php(1110): CodeIgniter\BaseModel->findAll(10, 0)
 4 APPPATH\Models\M_Penduduk.php(27): CodeIgniter\BaseModel->paginate(10, 'group1', 1)
 5 APPPATH\Controllers\Database.php(24): App\Models\M_Penduduk->getPagedData(10, null)
 6 SYSTEMPATH\CodeIgniter.php(927): App\Controllers\Database->index()
 7 SYSTEMPATH\CodeIgniter.php(482): CodeIgniter\CodeIgniter->runController(Object(App\Controllers\Database))
 8 SYSTEMPATH\CodeIgniter.php(351): CodeIgniter\CodeIgniter->handleRequest(null, Object(Config\Cache), false)
 9 FCPATH\index.php(67): CodeIgniter\CodeIgniter->run()
CRITICAL - 2023-11-13 15:46:03 --> CodeIgniter\Database\BaseResult::getResult(): Argument #1 ($type) must be of type string, null given, called in D:\Server\htdocs\kependudukan\vendor\codeigniter4\framework\system\Model.php on line 224
in SYSTEMPATH\Database\BaseResult.php on line 96.
 1 SYSTEMPATH\Model.php(224): CodeIgniter\Database\BaseResult->getResult(null)
 2 SYSTEMPATH\BaseModel.php(585): CodeIgniter\Model->doFindAll(10, 0)
 3 SYSTEMPATH\BaseModel.php(1110): CodeIgniter\BaseModel->findAll(10, 0)
 4 APPPATH\Models\M_Penduduk.php(25): CodeIgniter\BaseModel->paginate(10, 'group1', 1)
 5 APPPATH\Controllers\Database.php(24): App\Models\M_Penduduk->getPagedData(10, null)
 6 SYSTEMPATH\CodeIgniter.php(927): App\Controllers\Database->index()
 7 SYSTEMPATH\CodeIgniter.php(482): CodeIgniter\CodeIgniter->runController(Object(App\Controllers\Database))
 8 SYSTEMPATH\CodeIgniter.php(351): CodeIgniter\CodeIgniter->handleRequest(null, Object(Config\Cache), false)
 9 FCPATH\index.php(67): CodeIgniter\CodeIgniter->run()
CRITICAL - 2023-11-13 15:46:39 --> CodeIgniter\Database\BaseResult::getResult(): Argument #1 ($type) must be of type string, null given, called in D:\Server\htdocs\kependudukan\vendor\codeigniter4\framework\system\Model.php on line 224
in SYSTEMPATH\Database\BaseResult.php on line 96.
 1 SYSTEMPATH\Model.php(224): CodeIgniter\Database\BaseResult->getResult(null)
 2 SYSTEMPATH\BaseModel.php(585): CodeIgniter\Model->doFindAll(10, 0)
 3 SYSTEMPATH\BaseModel.php(1110): CodeIgniter\BaseModel->findAll(10, 0)
 4 APPPATH\Models\M_Penduduk.php(27): CodeIgniter\BaseModel->paginate(10, 'group1', 1)
 5 APPPATH\Controllers\Database.php(24): App\Models\M_Penduduk->getPagedData(10, null)
 6 SYSTEMPATH\CodeIgniter.php(927): App\Controllers\Database->index()
 7 SYSTEMPATH\CodeIgniter.php(482): CodeIgniter\CodeIgniter->runController(Object(App\Controllers\Database))
 8 SYSTEMPATH\CodeIgniter.php(351): CodeIgniter\CodeIgniter->handleRequest(null, Object(Config\Cache), false)
 9 FCPATH\index.php(67): CodeIgniter\CodeIgniter->run()
CRITICAL - 2023-11-13 15:48:09 --> bootstrap is not a valid Pager template.
in SYSTEMPATH\Pager\Pager.php on line 120.
 1 SYSTEMPATH\Pager\Pager.php(120): CodeIgniter\Pager\Exceptions\PagerException::forInvalidTemplate('bootstrap')
 2 SYSTEMPATH\Pager\Pager.php(83): CodeIgniter\Pager\Pager->displayLinks('group1', 'bootstrap')
 3 APPPATH\Views\Database\index.php(83): CodeIgniter\Pager\Pager->links('group1', 'bootstrap')
 4 SYSTEMPATH\View\View.php(213): include('APPPATH\\Views\\Database\\index.php')
 5 SYSTEMPATH\View\View.php(216): CodeIgniter\View\View->CodeIgniter\View\{closure}()
 6 SYSTEMPATH\Common.php(1134): CodeIgniter\View\View->render('Database/index', [], true)
 7 APPPATH\Controllers\Database.php(30): view('Database/index')
 8 SYSTEMPATH\CodeIgniter.php(927): App\Controllers\Database->index()
 9 SYSTEMPATH\CodeIgniter.php(482): CodeIgniter\CodeIgniter->runController(Object(App\Controllers\Database))
10 SYSTEMPATH\CodeIgniter.php(351): CodeIgniter\CodeIgniter->handleRequest(null, Object(Config\Cache), false)
11 FCPATH\index.php(67): CodeIgniter\CodeIgniter->run()
CRITICAL - 2023-11-13 15:48:34 --> bootstrap is not a valid Pager template.
in SYSTEMPATH\Pager\Pager.php on line 120.
 1 SYSTEMPATH\Pager\Pager.php(120): CodeIgniter\Pager\Exceptions\PagerException::forInvalidTemplate('bootstrap')
 2 SYSTEMPATH\Pager\Pager.php(83): CodeIgniter\Pager\Pager->displayLinks('group1', 'bootstrap')
 3 APPPATH\Views\Database\index.php(83): CodeIgniter\Pager\Pager->links('group1', 'bootstrap')
 4 SYSTEMPATH\View\View.php(213): include('APPPATH\\Views\\Database\\index.php')
 5 SYSTEMPATH\View\View.php(216): CodeIgniter\View\View->CodeIgniter\View\{closure}()
 6 SYSTEMPATH\Common.php(1134): CodeIgniter\View\View->render('Database/index', [], true)
 7 APPPATH\Controllers\Database.php(30): view('Database/index')
 8 SYSTEMPATH\CodeIgniter.php(927): App\Controllers\Database->index()
 9 SYSTEMPATH\CodeIgniter.php(482): CodeIgniter\CodeIgniter->runController(Object(App\Controllers\Database))
10 SYSTEMPATH\CodeIgniter.php(351): CodeIgniter\CodeIgniter->handleRequest(null, Object(Config\Cache), false)
11 FCPATH\index.php(67): CodeIgniter\CodeIgniter->run()
CRITICAL - 2023-11-13 15:48:38 --> bootstrap is not a valid Pager template.
in SYSTEMPATH\Pager\Pager.php on line 120.
 1 SYSTEMPATH\Pager\Pager.php(120): CodeIgniter\Pager\Exceptions\PagerException::forInvalidTemplate('bootstrap')
 2 SYSTEMPATH\Pager\Pager.php(83): CodeIgniter\Pager\Pager->displayLinks('group1', 'bootstrap')
 3 APPPATH\Views\Database\index.php(83): CodeIgniter\Pager\Pager->links('group1', 'bootstrap')
 4 SYSTEMPATH\View\View.php(213): include('APPPATH\\Views\\Database\\index.php')
 5 SYSTEMPATH\View\View.php(216): CodeIgniter\View\View->CodeIgniter\View\{closure}()
 6 SYSTEMPATH\Common.php(1134): CodeIgniter\View\View->render('Database/index', [], true)
 7 APPPATH\Controllers\Database.php(30): view('Database/index')
 8 SYSTEMPATH\CodeIgniter.php(927): App\Controllers\Database->index()
 9 SYSTEMPATH\CodeIgniter.php(482): CodeIgniter\CodeIgniter->runController(Object(App\Controllers\Database))
10 SYSTEMPATH\CodeIgniter.php(351): CodeIgniter\CodeIgniter->handleRequest(null, Object(Config\Cache), false)
11 FCPATH\index.php(67): CodeIgniter\CodeIgniter->run()
CRITICAL - 2023-11-13 15:48:51 --> bootstrap is not a valid Pager template.
in SYSTEMPATH\Pager\Pager.php on line 120.
 1 SYSTEMPATH\Pager\Pager.php(120): CodeIgniter\Pager\Exceptions\PagerException::forInvalidTemplate('bootstrap')
 2 SYSTEMPATH\Pager\Pager.php(83): CodeIgniter\Pager\Pager->displayLinks('group1', 'bootstrap')
 3 APPPATH\Views\Database\index.php(83): CodeIgniter\Pager\Pager->links('group1', 'bootstrap')
 4 SYSTEMPATH\View\View.php(213): include('APPPATH\\Views\\Database\\index.php')
 5 SYSTEMPATH\View\View.php(216): CodeIgniter\View\View->CodeIgniter\View\{closure}()
 6 SYSTEMPATH\Common.php(1134): CodeIgniter\View\View->render('Database/index', [], true)
 7 APPPATH\Controllers\Database.php(30): view('Database/index')
 8 SYSTEMPATH\CodeIgniter.php(927): App\Controllers\Database->index()
 9 SYSTEMPATH\CodeIgniter.php(482): CodeIgniter\CodeIgniter->runController(Object(App\Controllers\Database))
10 SYSTEMPATH\CodeIgniter.php(351): CodeIgniter\CodeIgniter->handleRequest(null, Object(Config\Cache), false)
11 FCPATH\index.php(67): CodeIgniter\CodeIgniter->run()
CRITICAL - 2023-11-13 15:50:47 --> bootstrap is not a valid Pager template.
in SYSTEMPATH\Pager\Pager.php on line 120.
 1 SYSTEMPATH\Pager\Pager.php(120): CodeIgniter\Pager\Exceptions\PagerException::forInvalidTemplate('bootstrap')
 2 SYSTEMPATH\Pager\Pager.php(83): CodeIgniter\Pager\Pager->displayLinks('group1', 'bootstrap')
 3 APPPATH\Views\Database\index.php(83): CodeIgniter\Pager\Pager->links('group1', 'bootstrap')
 4 SYSTEMPATH\View\View.php(213): include('APPPATH\\Views\\Database\\index.php')
 5 SYSTEMPATH\View\View.php(216): CodeIgniter\View\View->CodeIgniter\View\{closure}()
 6 SYSTEMPATH\Common.php(1134): CodeIgniter\View\View->render('Database/index', [], true)
 7 APPPATH\Controllers\Database.php(30): view('Database/index')
 8 SYSTEMPATH\CodeIgniter.php(927): App\Controllers\Database->index()
 9 SYSTEMPATH\CodeIgniter.php(482): CodeIgniter\CodeIgniter->runController(Object(App\Controllers\Database))
10 SYSTEMPATH\CodeIgniter.php(351): CodeIgniter\CodeIgniter->handleRequest(null, Object(Config\Cache), false)
11 FCPATH\index.php(67): CodeIgniter\CodeIgniter->run()
CRITICAL - 2023-11-13 15:50:49 --> bootstrap is not a valid Pager template.
in SYSTEMPATH\Pager\Pager.php on line 120.
 1 SYSTEMPATH\Pager\Pager.php(120): CodeIgniter\Pager\Exceptions\PagerException::forInvalidTemplate('bootstrap')
 2 SYSTEMPATH\Pager\Pager.php(83): CodeIgniter\Pager\Pager->displayLinks('group1', 'bootstrap')
 3 APPPATH\Views\Database\index.php(83): CodeIgniter\Pager\Pager->links('group1', 'bootstrap')
 4 SYSTEMPATH\View\View.php(213): include('APPPATH\\Views\\Database\\index.php')
 5 SYSTEMPATH\View\View.php(216): CodeIgniter\View\View->CodeIgniter\View\{closure}()
 6 SYSTEMPATH\Common.php(1134): CodeIgniter\View\View->render('Database/index', [], true)
 7 APPPATH\Controllers\Database.php(30): view('Database/index')
 8 SYSTEMPATH\CodeIgniter.php(927): App\Controllers\Database->index()
 9 SYSTEMPATH\CodeIgniter.php(482): CodeIgniter\CodeIgniter->runController(Object(App\Controllers\Database))
10 SYSTEMPATH\CodeIgniter.php(351): CodeIgniter\CodeIgniter->handleRequest(null, Object(Config\Cache), false)
11 FCPATH\index.php(67): CodeIgniter\CodeIgniter->run()
CRITICAL - 2023-11-13 15:55:03 --> bootstrap is not a valid Pager template.
in SYSTEMPATH\Pager\Pager.php on line 120.
 1 SYSTEMPATH\Pager\Pager.php(120): CodeIgniter\Pager\Exceptions\PagerException::forInvalidTemplate('bootstrap')
 2 SYSTEMPATH\Pager\Pager.php(83): CodeIgniter\Pager\Pager->displayLinks('group1', 'bootstrap')
 3 APPPATH\Views\Database\index.php(83): CodeIgniter\Pager\Pager->links('group1', 'bootstrap')
 4 SYSTEMPATH\View\View.php(213): include('APPPATH\\Views\\Database\\index.php')
 5 SYSTEMPATH\View\View.php(216): CodeIgniter\View\View->CodeIgniter\View\{closure}()
 6 SYSTEMPATH\Common.php(1134): CodeIgniter\View\View->render('Database/index', [], true)
 7 APPPATH\Controllers\Database.php(30): view('Database/index')
 8 SYSTEMPATH\CodeIgniter.php(927): App\Controllers\Database->index()
 9 SYSTEMPATH\CodeIgniter.php(482): CodeIgniter\CodeIgniter->runController(Object(App\Controllers\Database))
10 SYSTEMPATH\CodeIgniter.php(351): CodeIgniter\CodeIgniter->handleRequest(null, Object(Config\Cache), false)
11 FCPATH\index.php(67): CodeIgniter\CodeIgniter->run()
CRITICAL - 2023-11-13 15:55:06 --> bootstrap is not a valid Pager template.
in SYSTEMPATH\Pager\Pager.php on line 120.
 1 SYSTEMPATH\Pager\Pager.php(120): CodeIgniter\Pager\Exceptions\PagerException::forInvalidTemplate('bootstrap')
 2 SYSTEMPATH\Pager\Pager.php(83): CodeIgniter\Pager\Pager->displayLinks('group1', 'bootstrap')
 3 APPPATH\Views\Database\index.php(83): CodeIgniter\Pager\Pager->links('group1', 'bootstrap')
 4 SYSTEMPATH\View\View.php(213): include('APPPATH\\Views\\Database\\index.php')
 5 SYSTEMPATH\View\View.php(216): CodeIgniter\View\View->CodeIgniter\View\{closure}()
 6 SYSTEMPATH\Common.php(1134): CodeIgniter\View\View->render('Database/index', [], true)
 7 APPPATH\Controllers\Database.php(30): view('Database/index')
 8 SYSTEMPATH\CodeIgniter.php(927): App\Controllers\Database->index()
 9 SYSTEMPATH\CodeIgniter.php(482): CodeIgniter\CodeIgniter->runController(Object(App\Controllers\Database))
10 SYSTEMPATH\CodeIgniter.php(351): CodeIgniter\CodeIgniter->handleRequest(null, Object(Config\Cache), false)
11 FCPATH\index.php(67): CodeIgniter\CodeIgniter->run()
CRITICAL - 2023-11-13 16:00:25 --> Invalid file: CodeIgniter\Views\templates\pager\bootstrap.php
in SYSTEMPATH\Exceptions\FrameworkException.php on line 33.
 1 SYSTEMPATH\View\View.php(201): CodeIgniter\Exceptions\FrameworkException::forInvalidFile('CodeIgniter\\Views\\templates\\pager\\bootstrap.php')
 2 SYSTEMPATH\Pager\Pager.php(126): CodeIgniter\View\View->render('CodeIgniter\\Views\\templates\\pager\\bootstrap', null, false)
 3 SYSTEMPATH\Pager\Pager.php(83): CodeIgniter\Pager\Pager->displayLinks('group1', 'bootstrap')
 4 APPPATH\Views\Database\index.php(83): CodeIgniter\Pager\Pager->links('group1', 'bootstrap')
 5 SYSTEMPATH\View\View.php(213): include('APPPATH\\Views\\Database\\index.php')
 6 SYSTEMPATH\View\View.php(216): CodeIgniter\View\View->CodeIgniter\View\{closure}()
 7 SYSTEMPATH\Common.php(1134): CodeIgniter\View\View->render('Database/index', [], true)
 8 APPPATH\Controllers\Database.php(30): view('Database/index')
 9 SYSTEMPATH\CodeIgniter.php(927): App\Controllers\Database->index()
10 SYSTEMPATH\CodeIgniter.php(482): CodeIgniter\CodeIgniter->runController(Object(App\Controllers\Database))
11 SYSTEMPATH\CodeIgniter.php(351): CodeIgniter\CodeIgniter->handleRequest(null, Object(Config\Cache), false)
12 FCPATH\index.php(67): CodeIgniter\CodeIgniter->run()
CRITICAL - 2023-11-13 16:04:51 --> CodeIgniter\View\View::render(): Argument #1 ($view) must be of type string, array given, called in D:\Server\htdocs\kependudukan\vendor\codeigniter4\framework\system\Pager\Pager.php on line 126
in SYSTEMPATH\View\View.php on line 166.
 1 SYSTEMPATH\Pager\Pager.php(126): CodeIgniter\View\View->render([...], null, false)
 2 SYSTEMPATH\Pager\Pager.php(83): CodeIgniter\Pager\Pager->displayLinks('group1', 'bootstrap')
 3 APPPATH\Views\Database\index.php(83): CodeIgniter\Pager\Pager->links('group1', 'bootstrap')
 4 SYSTEMPATH\View\View.php(213): include('APPPATH\\Views\\Database\\index.php')
 5 SYSTEMPATH\View\View.php(216): CodeIgniter\View\View->CodeIgniter\View\{closure}()
 6 SYSTEMPATH\Common.php(1134): CodeIgniter\View\View->render('Database/index', [], true)
 7 APPPATH\Controllers\Database.php(30): view('Database/index')
 8 SYSTEMPATH\CodeIgniter.php(927): App\Controllers\Database->index()
 9 SYSTEMPATH\CodeIgniter.php(482): CodeIgniter\CodeIgniter->runController(Object(App\Controllers\Database))
10 SYSTEMPATH\CodeIgniter.php(351): CodeIgniter\CodeIgniter->handleRequest(null, Object(Config\Cache), false)
11 FCPATH\index.php(67): CodeIgniter\CodeIgniter->run()
CRITICAL - 2023-11-13 16:06:50 --> bootstrap is not a valid Pager template.
in SYSTEMPATH\Pager\Pager.php on line 120.
 1 SYSTEMPATH\Pager\Pager.php(120): CodeIgniter\Pager\Exceptions\PagerException::forInvalidTemplate('bootstrap')
 2 SYSTEMPATH\Pager\Pager.php(83): CodeIgniter\Pager\Pager->displayLinks('group1', 'bootstrap')
 3 APPPATH\Views\Database\index.php(83): CodeIgniter\Pager\Pager->links('group1', 'bootstrap')
 4 SYSTEMPATH\View\View.php(213): include('APPPATH\\Views\\Database\\index.php')
 5 SYSTEMPATH\View\View.php(216): CodeIgniter\View\View->CodeIgniter\View\{closure}()
 6 SYSTEMPATH\Common.php(1134): CodeIgniter\View\View->render('Database/index', [], true)
 7 APPPATH\Controllers\Database.php(30): view('Database/index')
 8 SYSTEMPATH\CodeIgniter.php(927): App\Controllers\Database->index()
 9 SYSTEMPATH\CodeIgniter.php(482): CodeIgniter\CodeIgniter->runController(Object(App\Controllers\Database))
10 SYSTEMPATH\CodeIgniter.php(351): CodeIgniter\CodeIgniter->handleRequest(null, Object(Config\Cache), false)
11 FCPATH\index.php(67): CodeIgniter\CodeIgniter->run()
CRITICAL - 2023-11-13 16:11:30 --> bootstrap is not a valid Pager template.
in SYSTEMPATH\Pager\Pager.php on line 120.
 1 SYSTEMPATH\Pager\Pager.php(120): CodeIgniter\Pager\Exceptions\PagerException::forInvalidTemplate('bootstrap')
 2 SYSTEMPATH\Pager\Pager.php(83): CodeIgniter\Pager\Pager->displayLinks('group1', 'bootstrap')
 3 APPPATH\Views\Database\index.php(83): CodeIgniter\Pager\Pager->links('group1', 'bootstrap')
 4 SYSTEMPATH\View\View.php(213): include('APPPATH\\Views\\Database\\index.php')
 5 SYSTEMPATH\View\View.php(216): CodeIgniter\View\View->CodeIgniter\View\{closure}()
 6 SYSTEMPATH\Common.php(1134): CodeIgniter\View\View->render('Database/index', [], true)
 7 APPPATH\Controllers\Database.php(30): view('Database/index')
 8 SYSTEMPATH\CodeIgniter.php(927): App\Controllers\Database->index()
 9 SYSTEMPATH\CodeIgniter.php(482): CodeIgniter\CodeIgniter->runController(Object(App\Controllers\Database))
10 SYSTEMPATH\CodeIgniter.php(351): CodeIgniter\CodeIgniter->handleRequest(null, Object(Config\Cache), false)
11 FCPATH\index.php(67): CodeIgniter\CodeIgniter->run()
CRITICAL - 2023-11-13 18:43:16 --> Invalid file: CodeIgniter\Pager\Views\default_full.php
in SYSTEMPATH\Exceptions\FrameworkException.php on line 33.
 1 SYSTEMPATH\View\View.php(201): CodeIgniter\Exceptions\FrameworkException::forInvalidFile('CodeIgniter\\Pager\\Views\\default_full.php')
 2 SYSTEMPATH\Pager\Pager.php(126): CodeIgniter\View\View->render('CodeIgniter\\Pager\\Views\\default_full', null, false)
 3 SYSTEMPATH\Pager\Pager.php(83): CodeIgniter\Pager\Pager->displayLinks('default', 'default_full')
 4 APPPATH\Views\Database\index.php(83): CodeIgniter\Pager\Pager->links()
 5 SYSTEMPATH\View\View.php(213): include('APPPATH\\Views\\Database\\index.php')
 6 SYSTEMPATH\View\View.php(216): CodeIgniter\View\View->CodeIgniter\View\{closure}()
 7 SYSTEMPATH\Common.php(1134): CodeIgniter\View\View->render('Database/index', [], true)
 8 APPPATH\Controllers\Database.php(30): view('Database/index')
 9 SYSTEMPATH\CodeIgniter.php(927): App\Controllers\Database->index()
10 SYSTEMPATH\CodeIgniter.php(482): CodeIgniter\CodeIgniter->runController(Object(App\Controllers\Database))
11 SYSTEMPATH\CodeIgniter.php(351): CodeIgniter\CodeIgniter->handleRequest(null, Object(Config\Cache), false)
12 FCPATH\index.php(67): CodeIgniter\CodeIgniter->run()
